The target system is: Generic - 1 - cortex-m7
The host system is: Linux - 5.4.0-58-generic - x86_64
Compiling the CXX compiler identification source file "CMakeCXXCompilerId.cpp" succeeded.
Compiler: /usr/bin/arm-none-eabi-g++ 
Build flags: 
Id flags: -c 

The output was:
0


Compilation of the CXX compiler identification source "CMakeCXXCompilerId.cpp" produced "CMakeCXXCompilerId.o"

The CXX compiler identification is GNU, found in "/home/andressanchez/Escritorio/GIT/project_template/build/CMakeFiles/3.10.2/CompilerIdCXX/CMakeCXXCompilerId.o"

Compiling the C compiler identification source file "CMakeCCompilerId.c" succeeded.
Compiler: /usr/bin/arm-none-eabi-gcc 
Build flags: 
Id flags: -c 

The output was:
0


Compilation of the C compiler identification source "CMakeCCompilerId.c" produced "CMakeCCompilerId.o"

The C compiler identification is GNU, found in "/home/andressanchez/Escritorio/GIT/project_template/build/CMakeFiles/3.10.2/CompilerIdC/CMakeCCompilerId.o"

Checking whether the ASM compiler is GNU using "--version" matched "(GNU assembler)|(GCC)|(Free Software Foundation)":
arm-none-eabi-gcc (15:6.3.1+svn253039-1build1) 6.3.1 20170620
Copyright (C) 2016 Free Software Foundation, Inc.
This is free software; see the source for copying conditions.  There is NO
warranty; not even for MERCHANTABILITY or FITNESS FOR A PARTICULAR PURPOSE.

Determining if the CXX compiler works passed with the following output:
Change Dir: /home/andressanchez/Escritorio/GIT/project_template/build/CMakeFiles/CMakeTmp

Run Build Command:"/usr/bin/make" "cmTC_3b113/fast"
/usr/bin/make -f CMakeFiles/cmTC_3b113.dir/build.make CMakeFiles/cmTC_3b113.dir/build
make[1]: se entra en el directorio '/home/andressanchez/Escritorio/GIT/project_template/build/CMakeFiles/CMakeTmp'
Building CXX object CMakeFiles/cmTC_3b113.dir/testCXXCompiler.cxx.obj
/usr/bin/arm-none-eabi-g++     -o CMakeFiles/cmTC_3b113.dir/testCXXCompiler.cxx.obj -c /home/andressanchez/Escritorio/GIT/project_template/build/CMakeFiles/CMakeTmp/testCXXCompiler.cxx
Linking CXX executable cmTC_3b113
/usr/bin/cmake -E cmake_link_script CMakeFiles/cmTC_3b113.dir/link.txt --verbose=1
/usr/bin/arm-none-eabi-g++     --specs=nosys.specs  CMakeFiles/cmTC_3b113.dir/testCXXCompiler.cxx.obj  -o cmTC_3b113 
make[1]: se sale del directorio '/home/andressanchez/Escritorio/GIT/project_template/build/CMakeFiles/CMakeTmp'


Detecting CXX compiler ABI info compiled with the following output:
Change Dir: /home/andressanchez/Escritorio/GIT/project_template/build/CMakeFiles/CMakeTmp

Run Build Command:"/usr/bin/make" "cmTC_dcb7f/fast"
/usr/bin/make -f CMakeFiles/cmTC_dcb7f.dir/build.make CMakeFiles/cmTC_dcb7f.dir/build
make[1]: se entra en el directorio '/home/andressanchez/Escritorio/GIT/project_template/build/CMakeFiles/CMakeTmp'
Building CXX object CMakeFiles/cmTC_dcb7f.dir/CMakeCXXCompilerABI.cpp.obj
/usr/bin/arm-none-eabi-g++     -o CMakeFiles/cmTC_dcb7f.dir/CMakeCXXCompilerABI.cpp.obj -c /usr/share/cmake-3.10/Modules/CMakeCXXCompilerABI.cpp
Linking CXX executable cmTC_dcb7f
/usr/bin/cmake -E cmake_link_script CMakeFiles/cmTC_dcb7f.dir/link.txt --verbose=1
/usr/bin/arm-none-eabi-g++     --specs=nosys.specs -v CMakeFiles/cmTC_dcb7f.dir/CMakeCXXCompilerABI.cpp.obj  -o cmTC_dcb7f 
Using built-in specs.
Reading specs from /usr/lib/gcc/arm-none-eabi/6.3.1/../../../arm-none-eabi/lib/nosys.specs
rename spec link_gcc_c_sequence to nosys_link_gcc_c_sequence
COLLECT_GCC=/usr/bin/arm-none-eabi-g++
COLLECT_LTO_WRAPPER=/usr/lib/gcc/arm-none-eabi/6.3.1/lto-wrapper
Target: arm-none-eabi
Configured with: ../src/configure --build=x86_64-linux-gnu --prefix=/usr --includedir='/usr/lib/include' --mandir='/usr/lib/share/man' --infodir='/usr/lib/share/info' --sysconfdir=/etc --localstatedir=/var --disable-silent-rules --libdir='/usr/lib/lib/x86_64-linux-gnu' --libexecdir='/usr/lib/lib/x86_64-linux-gnu' --disable-maintainer-mode --disable-dependency-tracking --mandir=/usr/share/man --enable-languages=c,c++,lto --enable-multilib --disable-decimal-float --disable-libffi --disable-libgomp --disable-libmudflap --disable-libquadmath --disable-libssp --disable-libstdcxx-pch --disable-nls --disable-shared --disable-threads --disable-tls --build=x86_64-linux-gnu --target=arm-none-eabi --with-system-zlib --with-gnu-as --with-gnu-ld --with-pkgversion=15:6.3.1+svn253039-1build1 --without-included-gettext --prefix=/usr/lib --infodir=/usr/share/doc/gcc-arm-none-eabi/info --htmldir=/usr/share/doc/gcc-arm-none-eabi/html --pdfdir=/usr/share/doc/gcc-arm-none-eabi/pdf --bindir=/usr/bin --libexecdir=/usr/lib --libdir=/usr/lib --disable-libstdc++-v3 --host=x86_64-linux-gnu --with-headers=no --without-newlib --with-multilib-list=rmprofile CFLAGS='-g -O2 -fdebug-prefix-map=/build/gcc-arm-none-eabi-iopiMw/gcc-arm-none-eabi-6.3.1+svn253039=. -fstack-protector-strong' CPPFLAGS='-Wdate-time -D_FORTIFY_SOURCE=2' CXXFLAGS='-g -O2 -fdebug-prefix-map=/build/gcc-arm-none-eabi-iopiMw/gcc-arm-none-eabi-6.3.1+svn253039=. -fstack-protector-strong' FCFLAGS='-g -O2 -fdebug-prefix-map=/build/gcc-arm-none-eabi-iopiMw/gcc-arm-none-eabi-6.3.1+svn253039=. -fstack-protector-strong' FFLAGS='-g -O2 -fdebug-prefix-map=/build/gcc-arm-none-eabi-iopiMw/gcc-arm-none-eabi-6.3.1+svn253039=. -fstack-protector-strong' GCJFLAGS='-g -O2 -fdebug-prefix-map=/build/gcc-arm-none-eabi-iopiMw/gcc-arm-none-eabi-6.3.1+svn253039=. -fstack-protector-strong' LDFLAGS='-Wl,-Bsymbolic-functions -Wl,-z,relro' OBJCFLAGS='-g -O2 -fdebug-prefix-map=/build/gcc-arm-none-eabi-iopiMw/gcc-arm-none-eabi-6.3.1+svn253039=. -fstack-protector-strong' OBJCXXFLAGS='-g -O2 -fdebug-prefix-map=/build/gcc-arm-none-eabi-iopiMw/gcc-arm-none-eabi-6.3.1+svn253039=. -fstack-protector-strong' INHIBIT_LIBC_CFLAGS=-DUSE_TM_CLONE_REGISTRY=0 AR_FOR_TARGET=arm-none-eabi-ar AS_FOR_TARGET=arm-none-eabi-as LD_FOR_TARGET=arm-none-eabi-ld NM_FOR_TARGET=arm-none-eabi-nm OBJDUMP_FOR_TARGET=arm-none-eabi-objdump RANLIB_FOR_TARGET=arm-none-eabi-ranlib READELF_FOR_TARGET=arm-none-eabi-readelf STRIP_FOR_TARGET=arm-none-eabi-strip
Thread model: single
gcc version 6.3.1 20170620 (15:6.3.1+svn253039-1build1) 
COMPILER_PATH=/usr/lib/gcc/arm-none-eabi/6.3.1/:/usr/lib/gcc/arm-none-eabi/6.3.1/:/usr/lib/gcc/arm-none-eabi/:/usr/lib/gcc/arm-none-eabi/6.3.1/:/usr/lib/gcc/arm-none-eabi/:/usr/lib/gcc/arm-none-eabi/6.3.1/../../../arm-none-eabi/bin/
LIBRARY_PATH=/usr/lib/gcc/arm-none-eabi/6.3.1/:/usr/lib/gcc/arm-none-eabi/6.3.1/../../../arm-none-eabi/lib/
COLLECT_GCC_OPTIONS='-specs=nosys.specs' '-v' '-o' 'cmTC_dcb7f'
 /usr/lib/gcc/arm-none-eabi/6.3.1/collect2 -plugin /usr/lib/gcc/arm-none-eabi/6.3.1/liblto_plugin.so -plugin-opt=/usr/lib/gcc/arm-none-eabi/6.3.1/lto-wrapper -plugin-opt=-fresolution=/tmp/cclufP5w.res -plugin-opt=-pass-through=-lgcc -plugin-opt=-pass-through=-lc -plugin-opt=-pass-through=-lgcc -plugin-opt=-pass-through=-lc -plugin-opt=-pass-through=-lnosys -X -o cmTC_dcb7f /usr/lib/gcc/arm-none-eabi/6.3.1/crti.o /usr/lib/gcc/arm-none-eabi/6.3.1/crtbegin.o /usr/lib/gcc/arm-none-eabi/6.3.1/../../../arm-none-eabi/lib/crt0.o -L/usr/lib/gcc/arm-none-eabi/6.3.1 -L/usr/lib/gcc/arm-none-eabi/6.3.1/../../../arm-none-eabi/lib CMakeFiles/cmTC_dcb7f.dir/CMakeCXXCompilerABI.cpp.obj -lstdc++ -lm --start-group -lgcc -lc --end-group --start-group -lgcc -lc -lnosys --end-group /usr/lib/gcc/arm-none-eabi/6.3.1/crtend.o /usr/lib/gcc/arm-none-eabi/6.3.1/crtn.o
COLLECT_GCC_OPTIONS='-specs=nosys.specs' '-v' '-o' 'cmTC_dcb7f'
make[1]: se sale del directorio '/home/andressanchez/Escritorio/GIT/project_template/build/CMakeFiles/CMakeTmp'


Parsed CXX implicit link information from above output:
  link line regex: [^( *|.*[/\])(arm-none-eabi-ld|CMAKE_LINK_STARTFILE-NOTFOUND|([^/\]+-)?ld|collect2)[^/\]*( |$)]
  ignore line: [Change Dir: /home/andressanchez/Escritorio/GIT/project_template/build/CMakeFiles/CMakeTmp]
  ignore line: []
  ignore line: [Run Build Command:"/usr/bin/make" "cmTC_dcb7f/fast"]
  ignore line: [/usr/bin/make -f CMakeFiles/cmTC_dcb7f.dir/build.make CMakeFiles/cmTC_dcb7f.dir/build]
  ignore line: [make[1]: se entra en el directorio '/home/andressanchez/Escritorio/GIT/project_template/build/CMakeFiles/CMakeTmp']
  ignore line: [Building CXX object CMakeFiles/cmTC_dcb7f.dir/CMakeCXXCompilerABI.cpp.obj]
  ignore line: [/usr/bin/arm-none-eabi-g++     -o CMakeFiles/cmTC_dcb7f.dir/CMakeCXXCompilerABI.cpp.obj -c /usr/share/cmake-3.10/Modules/CMakeCXXCompilerABI.cpp]
  ignore line: [Linking CXX executable cmTC_dcb7f]
  ignore line: [/usr/bin/cmake -E cmake_link_script CMakeFiles/cmTC_dcb7f.dir/link.txt --verbose=1]
  ignore line: [/usr/bin/arm-none-eabi-g++     --specs=nosys.specs -v CMakeFiles/cmTC_dcb7f.dir/CMakeCXXCompilerABI.cpp.obj  -o cmTC_dcb7f ]
  ignore line: [Using built-in specs.]
  ignore line: [Reading specs from /usr/lib/gcc/arm-none-eabi/6.3.1/../../../arm-none-eabi/lib/nosys.specs]
  ignore line: [rename spec link_gcc_c_sequence to nosys_link_gcc_c_sequence]
  ignore line: [COLLECT_GCC=/usr/bin/arm-none-eabi-g++]
  ignore line: [COLLECT_LTO_WRAPPER=/usr/lib/gcc/arm-none-eabi/6.3.1/lto-wrapper]
  ignore line: [Target: arm-none-eabi]
  ignore line: [Configured with: ../src/configure --build=x86_64-linux-gnu --prefix=/usr --includedir='/usr/lib/include' --mandir='/usr/lib/share/man' --infodir='/usr/lib/share/info' --sysconfdir=/etc --localstatedir=/var --disable-silent-rules --libdir='/usr/lib/lib/x86_64-linux-gnu' --libexecdir='/usr/lib/lib/x86_64-linux-gnu' --disable-maintainer-mode --disable-dependency-tracking --mandir=/usr/share/man --enable-languages=c,c++,lto --enable-multilib --disable-decimal-float --disable-libffi --disable-libgomp --disable-libmudflap --disable-libquadmath --disable-libssp --disable-libstdcxx-pch --disable-nls --disable-shared --disable-threads --disable-tls --build=x86_64-linux-gnu --target=arm-none-eabi --with-system-zlib --with-gnu-as --with-gnu-ld --with-pkgversion=15:6.3.1+svn253039-1build1 --without-included-gettext --prefix=/usr/lib --infodir=/usr/share/doc/gcc-arm-none-eabi/info --htmldir=/usr/share/doc/gcc-arm-none-eabi/html --pdfdir=/usr/share/doc/gcc-arm-none-eabi/pdf --bindir=/usr/bin --libexecdir=/usr/lib --libdir=/usr/lib --disable-libstdc++-v3 --host=x86_64-linux-gnu --with-headers=no --without-newlib --with-multilib-list=rmprofile CFLAGS='-g -O2 -fdebug-prefix-map=/build/gcc-arm-none-eabi-iopiMw/gcc-arm-none-eabi-6.3.1+svn253039=. -fstack-protector-strong' CPPFLAGS='-Wdate-time -D_FORTIFY_SOURCE=2' CXXFLAGS='-g -O2 -fdebug-prefix-map=/build/gcc-arm-none-eabi-iopiMw/gcc-arm-none-eabi-6.3.1+svn253039=. -fstack-protector-strong' FCFLAGS='-g -O2 -fdebug-prefix-map=/build/gcc-arm-none-eabi-iopiMw/gcc-arm-none-eabi-6.3.1+svn253039=. -fstack-protector-strong' FFLAGS='-g -O2 -fdebug-prefix-map=/build/gcc-arm-none-eabi-iopiMw/gcc-arm-none-eabi-6.3.1+svn253039=. -fstack-protector-strong' GCJFLAGS='-g -O2 -fdebug-prefix-map=/build/gcc-arm-none-eabi-iopiMw/gcc-arm-none-eabi-6.3.1+svn253039=. -fstack-protector-strong' LDFLAGS='-Wl,-Bsymbolic-functions -Wl,-z,relro' OBJCFLAGS='-g -O2 -fdebug-prefix-map=/build/gcc-arm-none-eabi-iopiMw/gcc-arm-none-eabi-6.3.1+svn253039=. -fstack-protector-strong' OBJCXXFLAGS='-g -O2 -fdebug-prefix-map=/build/gcc-arm-none-eabi-iopiMw/gcc-arm-none-eabi-6.3.1+svn253039=. -fstack-protector-strong' INHIBIT_LIBC_CFLAGS=-DUSE_TM_CLONE_REGISTRY=0 AR_FOR_TARGET=arm-none-eabi-ar AS_FOR_TARGET=arm-none-eabi-as LD_FOR_TARGET=arm-none-eabi-ld NM_FOR_TARGET=arm-none-eabi-nm OBJDUMP_FOR_TARGET=arm-none-eabi-objdump RANLIB_FOR_TARGET=arm-none-eabi-ranlib READELF_FOR_TARGET=arm-none-eabi-readelf STRIP_FOR_TARGET=arm-none-eabi-strip]
  ignore line: [Thread model: single]
  ignore line: [gcc version 6.3.1 20170620 (15:6.3.1+svn253039-1build1) ]
  ignore line: [COMPILER_PATH=/usr/lib/gcc/arm-none-eabi/6.3.1/:/usr/lib/gcc/arm-none-eabi/6.3.1/:/usr/lib/gcc/arm-none-eabi/:/usr/lib/gcc/arm-none-eabi/6.3.1/:/usr/lib/gcc/arm-none-eabi/:/usr/lib/gcc/arm-none-eabi/6.3.1/../../../arm-none-eabi/bin/]
  ignore line: [LIBRARY_PATH=/usr/lib/gcc/arm-none-eabi/6.3.1/:/usr/lib/gcc/arm-none-eabi/6.3.1/../../../arm-none-eabi/lib/]
  ignore line: [COLLECT_GCC_OPTIONS='-specs=nosys.specs' '-v' '-o' 'cmTC_dcb7f']
  link line: [ /usr/lib/gcc/arm-none-eabi/6.3.1/collect2 -plugin /usr/lib/gcc/arm-none-eabi/6.3.1/liblto_plugin.so -plugin-opt=/usr/lib/gcc/arm-none-eabi/6.3.1/lto-wrapper -plugin-opt=-fresolution=/tmp/cclufP5w.res -plugin-opt=-pass-through=-lgcc -plugin-opt=-pass-through=-lc -plugin-opt=-pass-through=-lgcc -plugin-opt=-pass-through=-lc -plugin-opt=-pass-through=-lnosys -X -o cmTC_dcb7f /usr/lib/gcc/arm-none-eabi/6.3.1/crti.o /usr/lib/gcc/arm-none-eabi/6.3.1/crtbegin.o /usr/lib/gcc/arm-none-eabi/6.3.1/../../../arm-none-eabi/lib/crt0.o -L/usr/lib/gcc/arm-none-eabi/6.3.1 -L/usr/lib/gcc/arm-none-eabi/6.3.1/../../../arm-none-eabi/lib CMakeFiles/cmTC_dcb7f.dir/CMakeCXXCompilerABI.cpp.obj -lstdc++ -lm --start-group -lgcc -lc --end-group --start-group -lgcc -lc -lnosys --end-group /usr/lib/gcc/arm-none-eabi/6.3.1/crtend.o /usr/lib/gcc/arm-none-eabi/6.3.1/crtn.o]
    arg [/usr/lib/gcc/arm-none-eabi/6.3.1/collect2] ==> ignore
    arg [-plugin] ==> ignore
    arg [/usr/lib/gcc/arm-none-eabi/6.3.1/liblto_plugin.so] ==> ignore
    arg [-plugin-opt=/usr/lib/gcc/arm-none-eabi/6.3.1/lto-wrapper] ==> ignore
    arg [-plugin-opt=-fresolution=/tmp/cclufP5w.res] ==> ignore
    arg [-plugin-opt=-pass-through=-lgcc] ==> ignore
    arg [-plugin-opt=-pass-through=-lc] ==> ignore
    arg [-plugin-opt=-pass-through=-lgcc] ==> ignore
    arg [-plugin-opt=-pass-through=-lc] ==> ignore
    arg [-plugin-opt=-pass-through=-lnosys] ==> ignore
    arg [-X] ==> ignore
    arg [-o] ==> ignore
    arg [cmTC_dcb7f] ==> ignore
    arg [/usr/lib/gcc/arm-none-eabi/6.3.1/crti.o] ==> ignore
    arg [/usr/lib/gcc/arm-none-eabi/6.3.1/crtbegin.o] ==> ignore
    arg [/usr/lib/gcc/arm-none-eabi/6.3.1/../../../arm-none-eabi/lib/crt0.o] ==> ignore
    arg [-L/usr/lib/gcc/arm-none-eabi/6.3.1] ==> dir [/usr/lib/gcc/arm-none-eabi/6.3.1]
    arg [-L/usr/lib/gcc/arm-none-eabi/6.3.1/../../../arm-none-eabi/lib] ==> dir [/usr/lib/gcc/arm-none-eabi/6.3.1/../../../arm-none-eabi/lib]
    arg [CMakeFiles/cmTC_dcb7f.dir/CMakeCXXCompilerABI.cpp.obj] ==> ignore
    arg [-lstdc++] ==> lib [stdc++]
    arg [-lm] ==> lib [m]
    arg [--start-group] ==> ignore
    arg [-lgcc] ==> lib [gcc]
    arg [-lc] ==> lib [c]
    arg [--end-group] ==> ignore
    arg [--start-group] ==> ignore
    arg [-lgcc] ==> lib [gcc]
    arg [-lc] ==> lib [c]
    arg [-lnosys] ==> lib [nosys]
    arg [--end-group] ==> ignore
    arg [/usr/lib/gcc/arm-none-eabi/6.3.1/crtend.o] ==> ignore
    arg [/usr/lib/gcc/arm-none-eabi/6.3.1/crtn.o] ==> ignore
  collapse library dir [/usr/lib/gcc/arm-none-eabi/6.3.1] ==> [/usr/lib/gcc/arm-none-eabi/6.3.1]
  collapse library dir [/usr/lib/gcc/arm-none-eabi/6.3.1/../../../arm-none-eabi/lib] ==> [/usr/lib/arm-none-eabi/lib]
  implicit libs: [stdc++;m;gcc;c;gcc;c;nosys]
  implicit dirs: [/usr/lib/gcc/arm-none-eabi/6.3.1;/usr/lib/arm-none-eabi/lib]
  implicit fwks: []




Detecting CXX [-std=c++1z] compiler features compiled with the following output:
Change Dir: /home/andressanchez/Escritorio/GIT/project_template/build/CMakeFiles/CMakeTmp

Run Build Command:"/usr/bin/make" "cmTC_5e7e1/fast"
/usr/bin/make -f CMakeFiles/cmTC_5e7e1.dir/build.make CMakeFiles/cmTC_5e7e1.dir/build
make[1]: se entra en el directorio '/home/andressanchez/Escritorio/GIT/project_template/build/CMakeFiles/CMakeTmp'
Building CXX object CMakeFiles/cmTC_5e7e1.dir/feature_tests.cxx.obj
/usr/bin/arm-none-eabi-g++    -std=c++1z -o CMakeFiles/cmTC_5e7e1.dir/feature_tests.cxx.obj -c /home/andressanchez/Escritorio/GIT/project_template/build/CMakeFiles/feature_tests.cxx
Linking CXX executable cmTC_5e7e1
/usr/bin/cmake -E cmake_link_script CMakeFiles/cmTC_5e7e1.dir/link.txt --verbose=1
/usr/bin/arm-none-eabi-g++     --specs=nosys.specs  CMakeFiles/cmTC_5e7e1.dir/feature_tests.cxx.obj  -o cmTC_5e7e1 
make[1]: se sale del directorio '/home/andressanchez/Escritorio/GIT/project_template/build/CMakeFiles/CMakeTmp'


    Feature record: CXX_FEATURE:1cxx_aggregate_default_initializers
    Feature record: CXX_FEATURE:1cxx_alias_templates
    Feature record: CXX_FEATURE:1cxx_alignas
    Feature record: CXX_FEATURE:1cxx_alignof
    Feature record: CXX_FEATURE:1cxx_attributes
    Feature record: CXX_FEATURE:1cxx_attribute_deprecated
    Feature record: CXX_FEATURE:1cxx_auto_type
    Feature record: CXX_FEATURE:1cxx_binary_literals
    Feature record: CXX_FEATURE:1cxx_constexpr
    Feature record: CXX_FEATURE:1cxx_contextual_conversions
    Feature record: CXX_FEATURE:1cxx_decltype
    Feature record: CXX_FEATURE:1cxx_decltype_auto
    Feature record: CXX_FEATURE:1cxx_decltype_incomplete_return_types
    Feature record: CXX_FEATURE:1cxx_default_function_template_args
    Feature record: CXX_FEATURE:1cxx_defaulted_functions
    Feature record: CXX_FEATURE:1cxx_defaulted_move_initializers
    Feature record: CXX_FEATURE:1cxx_delegating_constructors
    Feature record: CXX_FEATURE:1cxx_deleted_functions
    Feature record: CXX_FEATURE:1cxx_digit_separators
    Feature record: CXX_FEATURE:1cxx_enum_forward_declarations
    Feature record: CXX_FEATURE:1cxx_explicit_conversions
    Feature record: CXX_FEATURE:1cxx_extended_friend_declarations
    Feature record: CXX_FEATURE:1cxx_extern_templates
    Feature record: CXX_FEATURE:1cxx_final
    Feature record: CXX_FEATURE:1cxx_func_identifier
    Feature record: CXX_FEATURE:1cxx_generalized_initializers
    Feature record: CXX_FEATURE:1cxx_generic_lambdas
    Feature record: CXX_FEATURE:1cxx_inheriting_constructors
    Feature record: CXX_FEATURE:1cxx_inline_namespaces
    Feature record: CXX_FEATURE:1cxx_lambdas
    Feature record: CXX_FEATURE:1cxx_lambda_init_captures
    Feature record: CXX_FEATURE:1cxx_local_type_template_args
    Feature record: CXX_FEATURE:1cxx_long_long_type
    Feature record: CXX_FEATURE:1cxx_noexcept
    Feature record: CXX_FEATURE:1cxx_nonstatic_member_init
    Feature record: CXX_FEATURE:1cxx_nullptr
    Feature record: CXX_FEATURE:1cxx_override
    Feature record: CXX_FEATURE:1cxx_range_for
    Feature record: CXX_FEATURE:1cxx_raw_string_literals
    Feature record: CXX_FEATURE:1cxx_reference_qualified_functions
    Feature record: CXX_FEATURE:1cxx_relaxed_constexpr
    Feature record: CXX_FEATURE:1cxx_return_type_deduction
    Feature record: CXX_FEATURE:1cxx_right_angle_brackets
    Feature record: CXX_FEATURE:1cxx_rvalue_references
    Feature record: CXX_FEATURE:1cxx_sizeof_member
    Feature record: CXX_FEATURE:1cxx_static_assert
    Feature record: CXX_FEATURE:1cxx_strong_enums
    Feature record: CXX_FEATURE:1cxx_template_template_parameters
    Feature record: CXX_FEATURE:1cxx_thread_local
    Feature record: CXX_FEATURE:1cxx_trailing_return_types
    Feature record: CXX_FEATURE:1cxx_unicode_literals
    Feature record: CXX_FEATURE:1cxx_uniform_initialization
    Feature record: CXX_FEATURE:1cxx_unrestricted_unions
    Feature record: CXX_FEATURE:1cxx_user_literals
    Feature record: CXX_FEATURE:1cxx_variable_templates
    Feature record: CXX_FEATURE:1cxx_variadic_macros
    Feature record: CXX_FEATURE:1cxx_variadic_templates


Detecting CXX [-std=c++14] compiler features compiled with the following output:
Change Dir: /home/andressanchez/Escritorio/GIT/project_template/build/CMakeFiles/CMakeTmp

Run Build Command:"/usr/bin/make" "cmTC_2e1de/fast"
/usr/bin/make -f CMakeFiles/cmTC_2e1de.dir/build.make CMakeFiles/cmTC_2e1de.dir/build
make[1]: se entra en el directorio '/home/andressanchez/Escritorio/GIT/project_template/build/CMakeFiles/CMakeTmp'
Building CXX object CMakeFiles/cmTC_2e1de.dir/feature_tests.cxx.obj
/usr/bin/arm-none-eabi-g++    -std=c++14 -o CMakeFiles/cmTC_2e1de.dir/feature_tests.cxx.obj -c /home/andressanchez/Escritorio/GIT/project_template/build/CMakeFiles/feature_tests.cxx
Linking CXX executable cmTC_2e1de
/usr/bin/cmake -E cmake_link_script CMakeFiles/cmTC_2e1de.dir/link.txt --verbose=1
/usr/bin/arm-none-eabi-g++     --specs=nosys.specs  CMakeFiles/cmTC_2e1de.dir/feature_tests.cxx.obj  -o cmTC_2e1de 
make[1]: se sale del directorio '/home/andressanchez/Escritorio/GIT/project_template/build/CMakeFiles/CMakeTmp'


    Feature record: CXX_FEATURE:1cxx_aggregate_default_initializers
    Feature record: CXX_FEATURE:1cxx_alias_templates
    Feature record: CXX_FEATURE:1cxx_alignas
    Feature record: CXX_FEATURE:1cxx_alignof
    Feature record: CXX_FEATURE:1cxx_attributes
    Feature record: CXX_FEATURE:1cxx_attribute_deprecated
    Feature record: CXX_FEATURE:1cxx_auto_type
    Feature record: CXX_FEATURE:1cxx_binary_literals
    Feature record: CXX_FEATURE:1cxx_constexpr
    Feature record: CXX_FEATURE:1cxx_contextual_conversions
    Feature record: CXX_FEATURE:1cxx_decltype
    Feature record: CXX_FEATURE:1cxx_decltype_auto
    Feature record: CXX_FEATURE:1cxx_decltype_incomplete_return_types
    Feature record: CXX_FEATURE:1cxx_default_function_template_args
    Feature record: CXX_FEATURE:1cxx_defaulted_functions
    Feature record: CXX_FEATURE:1cxx_defaulted_move_initializers
    Feature record: CXX_FEATURE:1cxx_delegating_constructors
    Feature record: CXX_FEATURE:1cxx_deleted_functions
    Feature record: CXX_FEATURE:1cxx_digit_separators
    Feature record: CXX_FEATURE:1cxx_enum_forward_declarations
    Feature record: CXX_FEATURE:1cxx_explicit_conversions
    Feature record: CXX_FEATURE:1cxx_extended_friend_declarations
    Feature record: CXX_FEATURE:1cxx_extern_templates
    Feature record: CXX_FEATURE:1cxx_final
    Feature record: CXX_FEATURE:1cxx_func_identifier
    Feature record: CXX_FEATURE:1cxx_generalized_initializers
    Feature record: CXX_FEATURE:1cxx_generic_lambdas
    Feature record: CXX_FEATURE:1cxx_inheriting_constructors
    Feature record: CXX_FEATURE:1cxx_inline_namespaces
    Feature record: CXX_FEATURE:1cxx_lambdas
    Feature record: CXX_FEATURE:1cxx_lambda_init_captures
    Feature record: CXX_FEATURE:1cxx_local_type_template_args
    Feature record: CXX_FEATURE:1cxx_long_long_type
    Feature record: CXX_FEATURE:1cxx_noexcept
    Feature record: CXX_FEATURE:1cxx_nonstatic_member_init
    Feature record: CXX_FEATURE:1cxx_nullptr
    Feature record: CXX_FEATURE:1cxx_override
    Feature record: CXX_FEATURE:1cxx_range_for
    Feature record: CXX_FEATURE:1cxx_raw_string_literals
    Feature record: CXX_FEATURE:1cxx_reference_qualified_functions
    Feature record: CXX_FEATURE:1cxx_relaxed_constexpr
    Feature record: CXX_FEATURE:1cxx_return_type_deduction
    Feature record: CXX_FEATURE:1cxx_right_angle_brackets
    Feature record: CXX_FEATURE:1cxx_rvalue_references
    Feature record: CXX_FEATURE:1cxx_sizeof_member
    Feature record: CXX_FEATURE:1cxx_static_assert
    Feature record: CXX_FEATURE:1cxx_strong_enums
    Feature record: CXX_FEATURE:1cxx_template_template_parameters
    Feature record: CXX_FEATURE:1cxx_thread_local
    Feature record: CXX_FEATURE:1cxx_trailing_return_types
    Feature record: CXX_FEATURE:1cxx_unicode_literals
    Feature record: CXX_FEATURE:1cxx_uniform_initialization
    Feature record: CXX_FEATURE:1cxx_unrestricted_unions
    Feature record: CXX_FEATURE:1cxx_user_literals
    Feature record: CXX_FEATURE:1cxx_variable_templates
    Feature record: CXX_FEATURE:1cxx_variadic_macros
    Feature record: CXX_FEATURE:1cxx_variadic_templates


Detecting CXX [-std=c++11] compiler features compiled with the following output:
Change Dir: /home/andressanchez/Escritorio/GIT/project_template/build/CMakeFiles/CMakeTmp

Run Build Command:"/usr/bin/make" "cmTC_b59ab/fast"
/usr/bin/make -f CMakeFiles/cmTC_b59ab.dir/build.make CMakeFiles/cmTC_b59ab.dir/build
make[1]: se entra en el directorio '/home/andressanchez/Escritorio/GIT/project_template/build/CMakeFiles/CMakeTmp'
Building CXX object CMakeFiles/cmTC_b59ab.dir/feature_tests.cxx.obj
/usr/bin/arm-none-eabi-g++    -std=c++11 -o CMakeFiles/cmTC_b59ab.dir/feature_tests.cxx.obj -c /home/andressanchez/Escritorio/GIT/project_template/build/CMakeFiles/feature_tests.cxx
Linking CXX executable cmTC_b59ab
/usr/bin/cmake -E cmake_link_script CMakeFiles/cmTC_b59ab.dir/link.txt --verbose=1
/usr/bin/arm-none-eabi-g++     --specs=nosys.specs  CMakeFiles/cmTC_b59ab.dir/feature_tests.cxx.obj  -o cmTC_b59ab 
make[1]: se sale del directorio '/home/andressanchez/Escritorio/GIT/project_template/build/CMakeFiles/CMakeTmp'


    Feature record: CXX_FEATURE:0cxx_aggregate_default_initializers
    Feature record: CXX_FEATURE:1cxx_alias_templates
    Feature record: CXX_FEATURE:1cxx_alignas
    Feature record: CXX_FEATURE:1cxx_alignof
    Feature record: CXX_FEATURE:1cxx_attributes
    Feature record: CXX_FEATURE:0cxx_attribute_deprecated
    Feature record: CXX_FEATURE:1cxx_auto_type
    Feature record: CXX_FEATURE:0cxx_binary_literals
    Feature record: CXX_FEATURE:1cxx_constexpr
    Feature record: CXX_FEATURE:0cxx_contextual_conversions
    Feature record: CXX_FEATURE:1cxx_decltype
    Feature record: CXX_FEATURE:0cxx_decltype_auto
    Feature record: CXX_FEATURE:1cxx_decltype_incomplete_return_types
    Feature record: CXX_FEATURE:1cxx_default_function_template_args
    Feature record: CXX_FEATURE:1cxx_defaulted_functions
    Feature record: CXX_FEATURE:1cxx_defaulted_move_initializers
    Feature record: CXX_FEATURE:1cxx_delegating_constructors
    Feature record: CXX_FEATURE:1cxx_deleted_functions
    Feature record: CXX_FEATURE:0cxx_digit_separators
    Feature record: CXX_FEATURE:1cxx_enum_forward_declarations
    Feature record: CXX_FEATURE:1cxx_explicit_conversions
    Feature record: CXX_FEATURE:1cxx_extended_friend_declarations
    Feature record: CXX_FEATURE:1cxx_extern_templates
    Feature record: CXX_FEATURE:1cxx_final
    Feature record: CXX_FEATURE:1cxx_func_identifier
    Feature record: CXX_FEATURE:1cxx_generalized_initializers
    Feature record: CXX_FEATURE:0cxx_generic_lambdas
    Feature record: CXX_FEATURE:1cxx_inheriting_constructors
    Feature record: CXX_FEATURE:1cxx_inline_namespaces
    Feature record: CXX_FEATURE:1cxx_lambdas
    Feature record: CXX_FEATURE:0cxx_lambda_init_captures
    Feature record: CXX_FEATURE:1cxx_local_type_template_args
    Feature record: CXX_FEATURE:1cxx_long_long_type
    Feature record: CXX_FEATURE:1cxx_noexcept
    Feature record: CXX_FEATURE:1cxx_nonstatic_member_init
    Feature record: CXX_FEATURE:1cxx_nullptr
    Feature record: CXX_FEATURE:1cxx_override
    Feature record: CXX_FEATURE:1cxx_range_for
    Feature record: CXX_FEATURE:1cxx_raw_string_literals
    Feature record: CXX_FEATURE:1cxx_reference_qualified_functions
    Feature record: CXX_FEATURE:0cxx_relaxed_constexpr
    Feature record: CXX_FEATURE:0cxx_return_type_deduction
    Feature record: CXX_FEATURE:1cxx_right_angle_brackets
    Feature record: CXX_FEATURE:1cxx_rvalue_references
    Feature record: CXX_FEATURE:1cxx_sizeof_member
    Feature record: CXX_FEATURE:1cxx_static_assert
    Feature record: CXX_FEATURE:1cxx_strong_enums
    Feature record: CXX_FEATURE:1cxx_template_template_parameters
    Feature record: CXX_FEATURE:1cxx_thread_local
    Feature record: CXX_FEATURE:1cxx_trailing_return_types
    Feature record: CXX_FEATURE:1cxx_unicode_literals
    Feature record: CXX_FEATURE:1cxx_uniform_initialization
    Feature record: CXX_FEATURE:1cxx_unrestricted_unions
    Feature record: CXX_FEATURE:1cxx_user_literals
    Feature record: CXX_FEATURE:0cxx_variable_templates
    Feature record: CXX_FEATURE:1cxx_variadic_macros
    Feature record: CXX_FEATURE:1cxx_variadic_templates


Detecting CXX [-std=c++98] compiler features compiled with the following output:
Change Dir: /home/andressanchez/Escritorio/GIT/project_template/build/CMakeFiles/CMakeTmp

Run Build Command:"/usr/bin/make" "cmTC_0784a/fast"
/usr/bin/make -f CMakeFiles/cmTC_0784a.dir/build.make CMakeFiles/cmTC_0784a.dir/build
make[1]: se entra en el directorio '/home/andressanchez/Escritorio/GIT/project_template/build/CMakeFiles/CMakeTmp'
Building CXX object CMakeFiles/cmTC_0784a.dir/feature_tests.cxx.obj
/usr/bin/arm-none-eabi-g++    -std=c++98 -o CMakeFiles/cmTC_0784a.dir/feature_tests.cxx.obj -c /home/andressanchez/Escritorio/GIT/project_template/build/CMakeFiles/feature_tests.cxx
Linking CXX executable cmTC_0784a
/usr/bin/cmake -E cmake_link_script CMakeFiles/cmTC_0784a.dir/link.txt --verbose=1
/usr/bin/arm-none-eabi-g++     --specs=nosys.specs  CMakeFiles/cmTC_0784a.dir/feature_tests.cxx.obj  -o cmTC_0784a 
make[1]: se sale del directorio '/home/andressanchez/Escritorio/GIT/project_template/build/CMakeFiles/CMakeTmp'


    Feature record: CXX_FEATURE:0cxx_aggregate_default_initializers
    Feature record: CXX_FEATURE:0cxx_alias_templates
    Feature record: CXX_FEATURE:0cxx_alignas
    Feature record: CXX_FEATURE:0cxx_alignof
    Feature record: CXX_FEATURE:0cxx_attributes
    Feature record: CXX_FEATURE:0cxx_attribute_deprecated
    Feature record: CXX_FEATURE:0cxx_auto_type
    Feature record: CXX_FEATURE:0cxx_binary_literals
    Feature record: CXX_FEATURE:0cxx_constexpr
    Feature record: CXX_FEATURE:0cxx_contextual_conversions
    Feature record: CXX_FEATURE:0cxx_decltype
    Feature record: CXX_FEATURE:0cxx_decltype_auto
    Feature record: CXX_FEATURE:0cxx_decltype_incomplete_return_types
    Feature record: CXX_FEATURE:0cxx_default_function_template_args
    Feature record: CXX_FEATURE:0cxx_defaulted_functions
    Feature record: CXX_FEATURE:0cxx_defaulted_move_initializers
    Feature record: CXX_FEATURE:0cxx_delegating_constructors
    Feature record: CXX_FEATURE:0cxx_deleted_functions
    Feature record: CXX_FEATURE:0cxx_digit_separators
    Feature record: CXX_FEATURE:0cxx_enum_forward_declarations
    Feature record: CXX_FEATURE:0cxx_explicit_conversions
    Feature record: CXX_FEATURE:0cxx_extended_friend_declarations
    Feature record: CXX_FEATURE:0cxx_extern_templates
    Feature record: CXX_FEATURE:0cxx_final
    Feature record: CXX_FEATURE:0cxx_func_identifier
    Feature record: CXX_FEATURE:0cxx_generalized_initializers
    Feature record: CXX_FEATURE:0cxx_generic_lambdas
    Feature record: CXX_FEATURE:0cxx_inheriting_constructors
    Feature record: CXX_FEATURE:0cxx_inline_namespaces
    Feature record: CXX_FEATURE:0cxx_lambdas
    Feature record: CXX_FEATURE:0cxx_lambda_init_captures
    Feature record: CXX_FEATURE:0cxx_local_type_template_args
    Feature record: CXX_FEATURE:0cxx_long_long_type
    Feature record: CXX_FEATURE:0cxx_noexcept
    Feature record: CXX_FEATURE:0cxx_nonstatic_member_init
    Feature record: CXX_FEATURE:0cxx_nullptr
    Feature record: CXX_FEATURE:0cxx_override
    Feature record: CXX_FEATURE:0cxx_range_for
    Feature record: CXX_FEATURE:0cxx_raw_string_literals
    Feature record: CXX_FEATURE:0cxx_reference_qualified_functions
    Feature record: CXX_FEATURE:0cxx_relaxed_constexpr
    Feature record: CXX_FEATURE:0cxx_return_type_deduction
    Feature record: CXX_FEATURE:0cxx_right_angle_brackets
    Feature record: CXX_FEATURE:0cxx_rvalue_references
    Feature record: CXX_FEATURE:0cxx_sizeof_member
    Feature record: CXX_FEATURE:0cxx_static_assert
    Feature record: CXX_FEATURE:0cxx_strong_enums
    Feature record: CXX_FEATURE:1cxx_template_template_parameters
    Feature record: CXX_FEATURE:0cxx_thread_local
    Feature record: CXX_FEATURE:0cxx_trailing_return_types
    Feature record: CXX_FEATURE:0cxx_unicode_literals
    Feature record: CXX_FEATURE:0cxx_uniform_initialization
    Feature record: CXX_FEATURE:0cxx_unrestricted_unions
    Feature record: CXX_FEATURE:0cxx_user_literals
    Feature record: CXX_FEATURE:0cxx_variable_templates
    Feature record: CXX_FEATURE:0cxx_variadic_macros
    Feature record: CXX_FEATURE:0cxx_variadic_templates
Determining if the C compiler works passed with the following output:
Change Dir: /home/andressanchez/Escritorio/GIT/project_template/build/CMakeFiles/CMakeTmp

Run Build Command:"/usr/bin/make" "cmTC_1d007/fast"
/usr/bin/make -f CMakeFiles/cmTC_1d007.dir/build.make CMakeFiles/cmTC_1d007.dir/build
make[1]: se entra en el directorio '/home/andressanchez/Escritorio/GIT/project_template/build/CMakeFiles/CMakeTmp'
Building C object CMakeFiles/cmTC_1d007.dir/testCCompiler.c.obj
/usr/bin/arm-none-eabi-gcc    -o CMakeFiles/cmTC_1d007.dir/testCCompiler.c.obj   -c /home/andressanchez/Escritorio/GIT/project_template/build/CMakeFiles/CMakeTmp/testCCompiler.c
Linking C executable cmTC_1d007
/usr/bin/cmake -E cmake_link_script CMakeFiles/cmTC_1d007.dir/link.txt --verbose=1
/usr/bin/arm-none-eabi-gcc    --specs=nosys.specs  CMakeFiles/cmTC_1d007.dir/testCCompiler.c.obj  -o cmTC_1d007 
make[1]: se sale del directorio '/home/andressanchez/Escritorio/GIT/project_template/build/CMakeFiles/CMakeTmp'


Detecting C compiler ABI info compiled with the following output:
Change Dir: /home/andressanchez/Escritorio/GIT/project_template/build/CMakeFiles/CMakeTmp

Run Build Command:"/usr/bin/make" "cmTC_85238/fast"
/usr/bin/make -f CMakeFiles/cmTC_85238.dir/build.make CMakeFiles/cmTC_85238.dir/build
make[1]: se entra en el directorio '/home/andressanchez/Escritorio/GIT/project_template/build/CMakeFiles/CMakeTmp'
Building C object CMakeFiles/cmTC_85238.dir/CMakeCCompilerABI.c.obj
/usr/bin/arm-none-eabi-gcc    -o CMakeFiles/cmTC_85238.dir/CMakeCCompilerABI.c.obj   -c /usr/share/cmake-3.10/Modules/CMakeCCompilerABI.c
Linking C executable cmTC_85238
/usr/bin/cmake -E cmake_link_script CMakeFiles/cmTC_85238.dir/link.txt --verbose=1
/usr/bin/arm-none-eabi-gcc    --specs=nosys.specs -v CMakeFiles/cmTC_85238.dir/CMakeCCompilerABI.c.obj  -o cmTC_85238 
Using built-in specs.
Reading specs from /usr/lib/gcc/arm-none-eabi/6.3.1/../../../arm-none-eabi/lib/nosys.specs
rename spec link_gcc_c_sequence to nosys_link_gcc_c_sequence
COLLECT_GCC=/usr/bin/arm-none-eabi-gcc
COLLECT_LTO_WRAPPER=/usr/lib/gcc/arm-none-eabi/6.3.1/lto-wrapper
Target: arm-none-eabi
Configured with: ../src/configure --build=x86_64-linux-gnu --prefix=/usr --includedir='/usr/lib/include' --mandir='/usr/lib/share/man' --infodir='/usr/lib/share/info' --sysconfdir=/etc --localstatedir=/var --disable-silent-rules --libdir='/usr/lib/lib/x86_64-linux-gnu' --libexecdir='/usr/lib/lib/x86_64-linux-gnu' --disable-maintainer-mode --disable-dependency-tracking --mandir=/usr/share/man --enable-languages=c,c++,lto --enable-multilib --disable-decimal-float --disable-libffi --disable-libgomp --disable-libmudflap --disable-libquadmath --disable-libssp --disable-libstdcxx-pch --disable-nls --disable-shared --disable-threads --disable-tls --build=x86_64-linux-gnu --target=arm-none-eabi --with-system-zlib --with-gnu-as --with-gnu-ld --with-pkgversion=15:6.3.1+svn253039-1build1 --without-included-gettext --prefix=/usr/lib --infodir=/usr/share/doc/gcc-arm-none-eabi/info --htmldir=/usr/share/doc/gcc-arm-none-eabi/html --pdfdir=/usr/share/doc/gcc-arm-none-eabi/pdf --bindir=/usr/bin --libexecdir=/usr/lib --libdir=/usr/lib --disable-libstdc++-v3 --host=x86_64-linux-gnu --with-headers=no --without-newlib --with-multilib-list=rmprofile CFLAGS='-g -O2 -fdebug-prefix-map=/build/gcc-arm-none-eabi-iopiMw/gcc-arm-none-eabi-6.3.1+svn253039=. -fstack-protector-strong' CPPFLAGS='-Wdate-time -D_FORTIFY_SOURCE=2' CXXFLAGS='-g -O2 -fdebug-prefix-map=/build/gcc-arm-none-eabi-iopiMw/gcc-arm-none-eabi-6.3.1+svn253039=. -fstack-protector-strong' FCFLAGS='-g -O2 -fdebug-prefix-map=/build/gcc-arm-none-eabi-iopiMw/gcc-arm-none-eabi-6.3.1+svn253039=. -fstack-protector-strong' FFLAGS='-g -O2 -fdebug-prefix-map=/build/gcc-arm-none-eabi-iopiMw/gcc-arm-none-eabi-6.3.1+svn253039=. -fstack-protector-strong' GCJFLAGS='-g -O2 -fdebug-prefix-map=/build/gcc-arm-none-eabi-iopiMw/gcc-arm-none-eabi-6.3.1+svn253039=. -fstack-protector-strong' LDFLAGS='-Wl,-Bsymbolic-functions -Wl,-z,relro' OBJCFLAGS='-g -O2 -fdebug-prefix-map=/build/gcc-arm-none-eabi-iopiMw/gcc-arm-none-eabi-6.3.1+svn253039=. -fstack-protector-strong' OBJCXXFLAGS='-g -O2 -fdebug-prefix-map=/build/gcc-arm-none-eabi-iopiMw/gcc-arm-none-eabi-6.3.1+svn253039=. -fstack-protector-strong' INHIBIT_LIBC_CFLAGS=-DUSE_TM_CLONE_REGISTRY=0 AR_FOR_TARGET=arm-none-eabi-ar AS_FOR_TARGET=arm-none-eabi-as LD_FOR_TARGET=arm-none-eabi-ld NM_FOR_TARGET=arm-none-eabi-nm OBJDUMP_FOR_TARGET=arm-none-eabi-objdump RANLIB_FOR_TARGET=arm-none-eabi-ranlib READELF_FOR_TARGET=arm-none-eabi-readelf STRIP_FOR_TARGET=arm-none-eabi-strip
Thread model: single
gcc version 6.3.1 20170620 (15:6.3.1+svn253039-1build1) 
COMPILER_PATH=/usr/lib/gcc/arm-none-eabi/6.3.1/:/usr/lib/gcc/arm-none-eabi/6.3.1/:/usr/lib/gcc/arm-none-eabi/:/usr/lib/gcc/arm-none-eabi/6.3.1/:/usr/lib/gcc/arm-none-eabi/:/usr/lib/gcc/arm-none-eabi/6.3.1/../../../arm-none-eabi/bin/
LIBRARY_PATH=/usr/lib/gcc/arm-none-eabi/6.3.1/:/usr/lib/gcc/arm-none-eabi/6.3.1/../../../arm-none-eabi/lib/
COLLECT_GCC_OPTIONS='-specs=nosys.specs' '-v' '-o' 'cmTC_85238'
 /usr/lib/gcc/arm-none-eabi/6.3.1/collect2 -plugin /usr/lib/gcc/arm-none-eabi/6.3.1/liblto_plugin.so -plugin-opt=/usr/lib/gcc/arm-none-eabi/6.3.1/lto-wrapper -plugin-opt=-fresolution=/tmp/ccCi3h5d.res -plugin-opt=-pass-through=-lgcc -plugin-opt=-pass-through=-lc -plugin-opt=-pass-through=-lgcc -plugin-opt=-pass-through=-lc -plugin-opt=-pass-through=-lnosys -X -o cmTC_85238 /usr/lib/gcc/arm-none-eabi/6.3.1/crti.o /usr/lib/gcc/arm-none-eabi/6.3.1/crtbegin.o /usr/lib/gcc/arm-none-eabi/6.3.1/../../../arm-none-eabi/lib/crt0.o -L/usr/lib/gcc/arm-none-eabi/6.3.1 -L/usr/lib/gcc/arm-none-eabi/6.3.1/../../../arm-none-eabi/lib CMakeFiles/cmTC_85238.dir/CMakeCCompilerABI.c.obj --start-group -lgcc -lc --end-group --start-group -lgcc -lc -lnosys --end-group /usr/lib/gcc/arm-none-eabi/6.3.1/crtend.o /usr/lib/gcc/arm-none-eabi/6.3.1/crtn.o
COLLECT_GCC_OPTIONS='-specs=nosys.specs' '-v' '-o' 'cmTC_85238'
make[1]: se sale del directorio '/home/andressanchez/Escritorio/GIT/project_template/build/CMakeFiles/CMakeTmp'


Parsed C implicit link information from above output:
  link line regex: [^( *|.*[/\])(arm-none-eabi-ld|CMAKE_LINK_STARTFILE-NOTFOUND|([^/\]+-)?ld|collect2)[^/\]*( |$)]
  ignore line: [Change Dir: /home/andressanchez/Escritorio/GIT/project_template/build/CMakeFiles/CMakeTmp]
  ignore line: []
  ignore line: [Run Build Command:"/usr/bin/make" "cmTC_85238/fast"]
  ignore line: [/usr/bin/make -f CMakeFiles/cmTC_85238.dir/build.make CMakeFiles/cmTC_85238.dir/build]
  ignore line: [make[1]: se entra en el directorio '/home/andressanchez/Escritorio/GIT/project_template/build/CMakeFiles/CMakeTmp']
  ignore line: [Building C object CMakeFiles/cmTC_85238.dir/CMakeCCompilerABI.c.obj]
  ignore line: [/usr/bin/arm-none-eabi-gcc    -o CMakeFiles/cmTC_85238.dir/CMakeCCompilerABI.c.obj   -c /usr/share/cmake-3.10/Modules/CMakeCCompilerABI.c]
  ignore line: [Linking C executable cmTC_85238]
  ignore line: [/usr/bin/cmake -E cmake_link_script CMakeFiles/cmTC_85238.dir/link.txt --verbose=1]
  ignore line: [/usr/bin/arm-none-eabi-gcc    --specs=nosys.specs -v CMakeFiles/cmTC_85238.dir/CMakeCCompilerABI.c.obj  -o cmTC_85238 ]
  ignore line: [Using built-in specs.]
  ignore line: [Reading specs from /usr/lib/gcc/arm-none-eabi/6.3.1/../../../arm-none-eabi/lib/nosys.specs]
  ignore line: [rename spec link_gcc_c_sequence to nosys_link_gcc_c_sequence]
  ignore line: [COLLECT_GCC=/usr/bin/arm-none-eabi-gcc]
  ignore line: [COLLECT_LTO_WRAPPER=/usr/lib/gcc/arm-none-eabi/6.3.1/lto-wrapper]
  ignore line: [Target: arm-none-eabi]
  ignore line: [Configured with: ../src/configure --build=x86_64-linux-gnu --prefix=/usr --includedir='/usr/lib/include' --mandir='/usr/lib/share/man' --infodir='/usr/lib/share/info' --sysconfdir=/etc --localstatedir=/var --disable-silent-rules --libdir='/usr/lib/lib/x86_64-linux-gnu' --libexecdir='/usr/lib/lib/x86_64-linux-gnu' --disable-maintainer-mode --disable-dependency-tracking --mandir=/usr/share/man --enable-languages=c,c++,lto --enable-multilib --disable-decimal-float --disable-libffi --disable-libgomp --disable-libmudflap --disable-libquadmath --disable-libssp --disable-libstdcxx-pch --disable-nls --disable-shared --disable-threads --disable-tls --build=x86_64-linux-gnu --target=arm-none-eabi --with-system-zlib --with-gnu-as --with-gnu-ld --with-pkgversion=15:6.3.1+svn253039-1build1 --without-included-gettext --prefix=/usr/lib --infodir=/usr/share/doc/gcc-arm-none-eabi/info --htmldir=/usr/share/doc/gcc-arm-none-eabi/html --pdfdir=/usr/share/doc/gcc-arm-none-eabi/pdf --bindir=/usr/bin --libexecdir=/usr/lib --libdir=/usr/lib --disable-libstdc++-v3 --host=x86_64-linux-gnu --with-headers=no --without-newlib --with-multilib-list=rmprofile CFLAGS='-g -O2 -fdebug-prefix-map=/build/gcc-arm-none-eabi-iopiMw/gcc-arm-none-eabi-6.3.1+svn253039=. -fstack-protector-strong' CPPFLAGS='-Wdate-time -D_FORTIFY_SOURCE=2' CXXFLAGS='-g -O2 -fdebug-prefix-map=/build/gcc-arm-none-eabi-iopiMw/gcc-arm-none-eabi-6.3.1+svn253039=. -fstack-protector-strong' FCFLAGS='-g -O2 -fdebug-prefix-map=/build/gcc-arm-none-eabi-iopiMw/gcc-arm-none-eabi-6.3.1+svn253039=. -fstack-protector-strong' FFLAGS='-g -O2 -fdebug-prefix-map=/build/gcc-arm-none-eabi-iopiMw/gcc-arm-none-eabi-6.3.1+svn253039=. -fstack-protector-strong' GCJFLAGS='-g -O2 -fdebug-prefix-map=/build/gcc-arm-none-eabi-iopiMw/gcc-arm-none-eabi-6.3.1+svn253039=. -fstack-protector-strong' LDFLAGS='-Wl,-Bsymbolic-functions -Wl,-z,relro' OBJCFLAGS='-g -O2 -fdebug-prefix-map=/build/gcc-arm-none-eabi-iopiMw/gcc-arm-none-eabi-6.3.1+svn253039=. -fstack-protector-strong' OBJCXXFLAGS='-g -O2 -fdebug-prefix-map=/build/gcc-arm-none-eabi-iopiMw/gcc-arm-none-eabi-6.3.1+svn253039=. -fstack-protector-strong' INHIBIT_LIBC_CFLAGS=-DUSE_TM_CLONE_REGISTRY=0 AR_FOR_TARGET=arm-none-eabi-ar AS_FOR_TARGET=arm-none-eabi-as LD_FOR_TARGET=arm-none-eabi-ld NM_FOR_TARGET=arm-none-eabi-nm OBJDUMP_FOR_TARGET=arm-none-eabi-objdump RANLIB_FOR_TARGET=arm-none-eabi-ranlib READELF_FOR_TARGET=arm-none-eabi-readelf STRIP_FOR_TARGET=arm-none-eabi-strip]
  ignore line: [Thread model: single]
  ignore line: [gcc version 6.3.1 20170620 (15:6.3.1+svn253039-1build1) ]
  ignore line: [COMPILER_PATH=/usr/lib/gcc/arm-none-eabi/6.3.1/:/usr/lib/gcc/arm-none-eabi/6.3.1/:/usr/lib/gcc/arm-none-eabi/:/usr/lib/gcc/arm-none-eabi/6.3.1/:/usr/lib/gcc/arm-none-eabi/:/usr/lib/gcc/arm-none-eabi/6.3.1/../../../arm-none-eabi/bin/]
  ignore line: [LIBRARY_PATH=/usr/lib/gcc/arm-none-eabi/6.3.1/:/usr/lib/gcc/arm-none-eabi/6.3.1/../../../arm-none-eabi/lib/]
  ignore line: [COLLECT_GCC_OPTIONS='-specs=nosys.specs' '-v' '-o' 'cmTC_85238']
  link line: [ /usr/lib/gcc/arm-none-eabi/6.3.1/collect2 -plugin /usr/lib/gcc/arm-none-eabi/6.3.1/liblto_plugin.so -plugin-opt=/usr/lib/gcc/arm-none-eabi/6.3.1/lto-wrapper -plugin-opt=-fresolution=/tmp/ccCi3h5d.res -plugin-opt=-pass-through=-lgcc -plugin-opt=-pass-through=-lc -plugin-opt=-pass-through=-lgcc -plugin-opt=-pass-through=-lc -plugin-opt=-pass-through=-lnosys -X -o cmTC_85238 /usr/lib/gcc/arm-none-eabi/6.3.1/crti.o /usr/lib/gcc/arm-none-eabi/6.3.1/crtbegin.o /usr/lib/gcc/arm-none-eabi/6.3.1/../../../arm-none-eabi/lib/crt0.o -L/usr/lib/gcc/arm-none-eabi/6.3.1 -L/usr/lib/gcc/arm-none-eabi/6.3.1/../../../arm-none-eabi/lib CMakeFiles/cmTC_85238.dir/CMakeCCompilerABI.c.obj --start-group -lgcc -lc --end-group --start-group -lgcc -lc -lnosys --end-group /usr/lib/gcc/arm-none-eabi/6.3.1/crtend.o /usr/lib/gcc/arm-none-eabi/6.3.1/crtn.o]
    arg [/usr/lib/gcc/arm-none-eabi/6.3.1/collect2] ==> ignore
    arg [-plugin] ==> ignore
    arg [/usr/lib/gcc/arm-none-eabi/6.3.1/liblto_plugin.so] ==> ignore
    arg [-plugin-opt=/usr/lib/gcc/arm-none-eabi/6.3.1/lto-wrapper] ==> ignore
    arg [-plugin-opt=-fresolution=/tmp/ccCi3h5d.res] ==> ignore
    arg [-plugin-opt=-pass-through=-lgcc] ==> ignore
    arg [-plugin-opt=-pass-through=-lc] ==> ignore
    arg [-plugin-opt=-pass-through=-lgcc] ==> ignore
    arg [-plugin-opt=-pass-through=-lc] ==> ignore
    arg [-plugin-opt=-pass-through=-lnosys] ==> ignore
    arg [-X] ==> ignore
    arg [-o] ==> ignore
    arg [cmTC_85238] ==> ignore
    arg [/usr/lib/gcc/arm-none-eabi/6.3.1/crti.o] ==> ignore
    arg [/usr/lib/gcc/arm-none-eabi/6.3.1/crtbegin.o] ==> ignore
    arg [/usr/lib/gcc/arm-none-eabi/6.3.1/../../../arm-none-eabi/lib/crt0.o] ==> ignore
    arg [-L/usr/lib/gcc/arm-none-eabi/6.3.1] ==> dir [/usr/lib/gcc/arm-none-eabi/6.3.1]
    arg [-L/usr/lib/gcc/arm-none-eabi/6.3.1/../../../arm-none-eabi/lib] ==> dir [/usr/lib/gcc/arm-none-eabi/6.3.1/../../../arm-none-eabi/lib]
    arg [CMakeFiles/cmTC_85238.dir/CMakeCCompilerABI.c.obj] ==> ignore
    arg [--start-group] ==> ignore
    arg [-lgcc] ==> lib [gcc]
    arg [-lc] ==> lib [c]
    arg [--end-group] ==> ignore
    arg [--start-group] ==> ignore
    arg [-lgcc] ==> lib [gcc]
    arg [-lc] ==> lib [c]
    arg [-lnosys] ==> lib [nosys]
    arg [--end-group] ==> ignore
    arg [/usr/lib/gcc/arm-none-eabi/6.3.1/crtend.o] ==> ignore
    arg [/usr/lib/gcc/arm-none-eabi/6.3.1/crtn.o] ==> ignore
  collapse library dir [/usr/lib/gcc/arm-none-eabi/6.3.1] ==> [/usr/lib/gcc/arm-none-eabi/6.3.1]
  collapse library dir [/usr/lib/gcc/arm-none-eabi/6.3.1/../../../arm-none-eabi/lib] ==> [/usr/lib/arm-none-eabi/lib]
  implicit libs: [gcc;c;gcc;c;nosys]
  implicit dirs: [/usr/lib/gcc/arm-none-eabi/6.3.1;/usr/lib/arm-none-eabi/lib]
  implicit fwks: []




Detecting C [-std=c11] compiler features compiled with the following output:
Change Dir: /home/andressanchez/Escritorio/GIT/project_template/build/CMakeFiles/CMakeTmp

Run Build Command:"/usr/bin/make" "cmTC_f5b36/fast"
/usr/bin/make -f CMakeFiles/cmTC_f5b36.dir/build.make CMakeFiles/cmTC_f5b36.dir/build
make[1]: se entra en el directorio '/home/andressanchez/Escritorio/GIT/project_template/build/CMakeFiles/CMakeTmp'
Building C object CMakeFiles/cmTC_f5b36.dir/feature_tests.c.obj
/usr/bin/arm-none-eabi-gcc   -std=c11 -o CMakeFiles/cmTC_f5b36.dir/feature_tests.c.obj   -c /home/andressanchez/Escritorio/GIT/project_template/build/CMakeFiles/feature_tests.c
Linking C executable cmTC_f5b36
/usr/bin/cmake -E cmake_link_script CMakeFiles/cmTC_f5b36.dir/link.txt --verbose=1
/usr/bin/arm-none-eabi-gcc    --specs=nosys.specs  CMakeFiles/cmTC_f5b36.dir/feature_tests.c.obj  -o cmTC_f5b36 
make[1]: se sale del directorio '/home/andressanchez/Escritorio/GIT/project_template/build/CMakeFiles/CMakeTmp'


    Feature record: C_FEATURE:1c_function_prototypes
    Feature record: C_FEATURE:1c_restrict
    Feature record: C_FEATURE:1c_static_assert
    Feature record: C_FEATURE:1c_variadic_macros


Detecting C [-std=c99] compiler features compiled with the following output:
Change Dir: /home/andressanchez/Escritorio/GIT/project_template/build/CMakeFiles/CMakeTmp

Run Build Command:"/usr/bin/make" "cmTC_60534/fast"
/usr/bin/make -f CMakeFiles/cmTC_60534.dir/build.make CMakeFiles/cmTC_60534.dir/build
make[1]: se entra en el directorio '/home/andressanchez/Escritorio/GIT/project_template/build/CMakeFiles/CMakeTmp'
Building C object CMakeFiles/cmTC_60534.dir/feature_tests.c.obj
/usr/bin/arm-none-eabi-gcc   -std=c99 -o CMakeFiles/cmTC_60534.dir/feature_tests.c.obj   -c /home/andressanchez/Escritorio/GIT/project_template/build/CMakeFiles/feature_tests.c
Linking C executable cmTC_60534
/usr/bin/cmake -E cmake_link_script CMakeFiles/cmTC_60534.dir/link.txt --verbose=1
/usr/bin/arm-none-eabi-gcc    --specs=nosys.specs  CMakeFiles/cmTC_60534.dir/feature_tests.c.obj  -o cmTC_60534 
make[1]: se sale del directorio '/home/andressanchez/Escritorio/GIT/project_template/build/CMakeFiles/CMakeTmp'


    Feature record: C_FEATURE:1c_function_prototypes
    Feature record: C_FEATURE:1c_restrict
    Feature record: C_FEATURE:0c_static_assert
    Feature record: C_FEATURE:1c_variadic_macros


Detecting C [-std=c90] compiler features compiled with the following output:
Change Dir: /home/andressanchez/Escritorio/GIT/project_template/build/CMakeFiles/CMakeTmp

Run Build Command:"/usr/bin/make" "cmTC_0aa6a/fast"
/usr/bin/make -f CMakeFiles/cmTC_0aa6a.dir/build.make CMakeFiles/cmTC_0aa6a.dir/build
make[1]: se entra en el directorio '/home/andressanchez/Escritorio/GIT/project_template/build/CMakeFiles/CMakeTmp'
Building C object CMakeFiles/cmTC_0aa6a.dir/feature_tests.c.obj
/usr/bin/arm-none-eabi-gcc   -std=c90 -o CMakeFiles/cmTC_0aa6a.dir/feature_tests.c.obj   -c /home/andressanchez/Escritorio/GIT/project_template/build/CMakeFiles/feature_tests.c
Linking C executable cmTC_0aa6a
/usr/bin/cmake -E cmake_link_script CMakeFiles/cmTC_0aa6a.dir/link.txt --verbose=1
/usr/bin/arm-none-eabi-gcc    --specs=nosys.specs  CMakeFiles/cmTC_0aa6a.dir/feature_tests.c.obj  -o cmTC_0aa6a 
make[1]: se sale del directorio '/home/andressanchez/Escritorio/GIT/project_template/build/CMakeFiles/CMakeTmp'


    Feature record: C_FEATURE:1c_function_prototypes
    Feature record: C_FEATURE:0c_restrict
    Feature record: C_FEATURE:0c_static_assert
    Feature record: C_FEATURE:0c_variadic_macros
