Determining if the pthread_create exist failed with the following output:
Change Dir: /home/andressanchez/Escritorio/GIT/project_template/build/CMakeFiles/CMakeTmp

Run Build Command:"/usr/bin/make" "cmTC_3d965/fast"
/usr/bin/make -f CMakeFiles/cmTC_3d965.dir/build.make CMakeFiles/cmTC_3d965.dir/build
make[1]: se entra en el directorio '/home/andressanchez/Escritorio/GIT/project_template/build/CMakeFiles/CMakeTmp'
Building C object CMakeFiles/cmTC_3d965.dir/CheckSymbolExists.c.o
/usr/bin/clang-6.0    -o CMakeFiles/cmTC_3d965.dir/CheckSymbolExists.c.o   -c /home/andressanchez/Escritorio/GIT/project_template/build/CMakeFiles/CMakeTmp/CheckSymbolExists.c
Linking C executable cmTC_3d965
/usr/bin/cmake -E cmake_link_script CMakeFiles/cmTC_3d965.dir/link.txt --verbose=1
/usr/bin/clang-6.0      -rdynamic CMakeFiles/cmTC_3d965.dir/CheckSymbolExists.c.o  -o cmTC_3d965 
CMakeFiles/cmTC_3d965.dir/CheckSymbolExists.c.o: En la función `main':
CheckSymbolExists.c:(.text+0x19): referencia a `pthread_create' sin definir
clang: error: linker command failed with exit code 1 (use -v to see invocation)
CMakeFiles/cmTC_3d965.dir/build.make:97: fallo en las instrucciones para el objetivo 'cmTC_3d965'
make[1]: *** [cmTC_3d965] Error 1
make[1]: se sale del directorio '/home/andressanchez/Escritorio/GIT/project_template/build/CMakeFiles/CMakeTmp'
Makefile:126: fallo en las instrucciones para el objetivo 'cmTC_3d965/fast'
make: *** [cmTC_3d965/fast] Error 2

File /home/andressanchez/Escritorio/GIT/project_template/build/CMakeFiles/CMakeTmp/CheckSymbolExists.c:
/* */
#include <pthread.h>

int main(int argc, char** argv)
{
  (void)argv;
#ifndef pthread_create
  return ((int*)(&pthread_create))[argc];
#else
  (void)argc;
  return 0;
#endif
}

Determining if the function pthread_create exists in the pthreads failed with the following output:
Change Dir: /home/andressanchez/Escritorio/GIT/project_template/build/CMakeFiles/CMakeTmp

Run Build Command:"/usr/bin/make" "cmTC_0ad4e/fast"
/usr/bin/make -f CMakeFiles/cmTC_0ad4e.dir/build.make CMakeFiles/cmTC_0ad4e.dir/build
make[1]: se entra en el directorio '/home/andressanchez/Escritorio/GIT/project_template/build/CMakeFiles/CMakeTmp'
Building C object CMakeFiles/cmTC_0ad4e.dir/CheckFunctionExists.c.o
/usr/bin/clang-6.0   -DCHECK_FUNCTION_EXISTS=pthread_create   -o CMakeFiles/cmTC_0ad4e.dir/CheckFunctionExists.c.o   -c /usr/share/cmake-3.10/Modules/CheckFunctionExists.c
Linking C executable cmTC_0ad4e
/usr/bin/cmake -E cmake_link_script CMakeFiles/cmTC_0ad4e.dir/link.txt --verbose=1
/usr/bin/clang-6.0  -DCHECK_FUNCTION_EXISTS=pthread_create    -rdynamic CMakeFiles/cmTC_0ad4e.dir/CheckFunctionExists.c.o  -o cmTC_0ad4e -lpthreads 
/usr/bin/ld: no se puede encontrar -lpthreads
clang: error: linker command failed with exit code 1 (use -v to see invocation)
CMakeFiles/cmTC_0ad4e.dir/build.make:97: fallo en las instrucciones para el objetivo 'cmTC_0ad4e'
make[1]: *** [cmTC_0ad4e] Error 1
make[1]: se sale del directorio '/home/andressanchez/Escritorio/GIT/project_template/build/CMakeFiles/CMakeTmp'
Makefile:126: fallo en las instrucciones para el objetivo 'cmTC_0ad4e/fast'
make: *** [cmTC_0ad4e/fast] Error 2


